<?xml version="1.0" encoding="UTF-8"?>
<testsuite xmlns:xsi="http://www.w3.org/2001/XMLSchema-instance" xsi:noNamespaceSchemaLocation="https://maven.apache.org/surefire/maven-surefire-plugin/xsd/surefire-test-report.xsd" name="com.julio.customservice.TestStandardMyService" time="0.19" tests="5" errors="0" skipped="0" failures="0">
  <properties>
    <property name="gopherProxySet" value="false"/>
    <property name="awt.toolkit" value="sun.lwawt.macosx.LWCToolkit"/>
    <property name="java.specification.version" value="11"/>
    <property name="sun.cpu.isalist" value=""/>
    <property name="sun.jnu.encoding" value="UTF-8"/>
    <property name="java.class.path" value="/Users/jfa/workspace/nifi-workshop/nifi/custom-code/custom-service/CustomService/nifi-customservice/target/test-classes:/Users/jfa/workspace/nifi-workshop/nifi/custom-code/custom-service/CustomService/nifi-customservice/target/classes:/Users/jfa/workspace/nifi-workshop/nifi/custom-code/custom-service/CustomService/nifi-customservice-api/target/nifi-customservice-api-1.0.jar:/Users/jfa/.m2/repository/org/apache/nifi/nifi-api/1.12.0/nifi-api-1.12.0.jar:/Users/jfa/.m2/repository/org/apache/nifi/nifi-processor-utils/1.12.0/nifi-processor-utils-1.12.0.jar:/Users/jfa/.m2/repository/org/apache/nifi/nifi-utils/1.12.0/nifi-utils-1.12.0.jar:/Users/jfa/.m2/repository/org/apache/nifi/nifi-security-utils/1.12.0/nifi-security-utils-1.12.0.jar:/Users/jfa/.m2/repository/org/apache/commons/commons-lang3/3.9/commons-lang3-3.9.jar:/Users/jfa/.m2/repository/commons-codec/commons-codec/1.14/commons-codec-1.14.jar:/Users/jfa/.m2/repository/org/bouncycastle/bcprov-jdk15on/1.66/bcprov-jdk15on-1.66.jar:/Users/jfa/.m2/repository/org/bouncycastle/bcpkix-jdk15on/1.66/bcpkix-jdk15on-1.66.jar:/Users/jfa/.m2/repository/org/apache/nifi/nifi-properties/1.12.0/nifi-properties-1.12.0.jar:/Users/jfa/.m2/repository/at/favre/lib/bcrypt/0.9.0/bcrypt-0.9.0.jar:/Users/jfa/.m2/repository/at/favre/lib/bytes/1.3.0/bytes-1.3.0.jar:/Users/jfa/.m2/repository/org/apache/commons/commons-configuration2/2.7/commons-configuration2-2.7.jar:/Users/jfa/.m2/repository/commons-logging/commons-logging/1.2/commons-logging-1.2.jar:/Users/jfa/.m2/repository/com/sun/activation/javax.activation/1.2.0/javax.activation-1.2.0.jar:/Users/jfa/.m2/repository/commons-io/commons-io/2.6/commons-io-2.6.jar:/Users/jfa/.m2/repository/com/fasterxml/jackson/core/jackson-databind/2.9.10.5/jackson-databind-2.9.10.5.jar:/Users/jfa/.m2/repository/com/fasterxml/jackson/core/jackson-annotations/2.9.10/jackson-annotations-2.9.10.jar:/Users/jfa/.m2/repository/com/fasterxml/jackson/core/jackson-core/2.9.10/jackson-core-2.9.10.jar:/Users/jfa/.m2/repository/org/apache/nifi/nifi-record-serialization-service-api/1.12.0/nifi-record-serialization-service-api-1.12.0.jar:/Users/jfa/.m2/repository/org/apache/nifi/nifi-record/1.12.0/nifi-record-1.12.0.jar:/Users/jfa/.m2/repository/javax/xml/bind/jaxb-api/2.3.0/jaxb-api-2.3.0.jar:/Users/jfa/.m2/repository/com/sun/xml/bind/jaxb-core/2.3.0/jaxb-core-2.3.0.jar:/Users/jfa/.m2/repository/com/sun/xml/bind/jaxb-impl/2.3.0/jaxb-impl-2.3.0.jar:/Users/jfa/.m2/repository/org/apache/nifi/nifi-mock/1.12.0/nifi-mock-1.12.0.jar:/Users/jfa/.m2/repository/org/apache/nifi/nifi-framework-api/1.12.0/nifi-framework-api-1.12.0.jar:/Users/jfa/.m2/repository/org/apache/nifi/nifi-parameter/1.12.0/nifi-parameter-1.12.0.jar:/Users/jfa/.m2/repository/org/apache/nifi/nifi-expression-language/1.12.0/nifi-expression-language-1.12.0.jar:/Users/jfa/.m2/repository/org/antlr/antlr-runtime/3.5.2/antlr-runtime-3.5.2.jar:/Users/jfa/.m2/repository/com/jayway/jsonpath/json-path/2.4.0/json-path-2.4.0.jar:/Users/jfa/.m2/repository/net/minidev/json-smart/2.3/json-smart-2.3.jar:/Users/jfa/.m2/repository/net/minidev/accessors-smart/1.2/accessors-smart-1.2.jar:/Users/jfa/.m2/repository/org/ow2/asm/asm/5.0.4/asm-5.0.4.jar:/Users/jfa/.m2/repository/org/apache/commons/commons-text/1.8/commons-text-1.8.jar:/Users/jfa/.m2/repository/org/apache/nifi/nifi-data-provenance-utils/1.12.0/nifi-data-provenance-utils-1.12.0.jar:/Users/jfa/.m2/repository/org/apache/nifi/nifi-properties-loader/1.12.0/nifi-properties-loader-1.12.0.jar:/Users/jfa/.m2/repository/org/slf4j/slf4j-simple/1.7.30/slf4j-simple-1.7.30.jar:/Users/jfa/.m2/repository/org/slf4j/slf4j-api/1.7.30/slf4j-api-1.7.30.jar:/Users/jfa/.m2/repository/junit/junit/4.13/junit-4.13.jar:/Users/jfa/.m2/repository/org/hamcrest/hamcrest-core/1.3/hamcrest-core-1.3.jar:/Users/jfa/.m2/repository/org/mockito/mockito-core/2.28.2/mockito-core-2.28.2.jar:/Users/jfa/.m2/repository/net/bytebuddy/byte-buddy/1.9.10/byte-buddy-1.9.10.jar:/Users/jfa/.m2/repository/net/bytebuddy/byte-buddy-agent/1.9.10/byte-buddy-agent-1.9.10.jar:/Users/jfa/.m2/repository/org/objenesis/objenesis/2.6/objenesis-2.6.jar:/Users/jfa/.m2/repository/org/codehaus/groovy/groovy-test/2.5.4/groovy-test-2.5.4.jar:/Users/jfa/.m2/repository/org/codehaus/groovy/groovy/2.5.4/groovy-2.5.4.jar:"/>
    <property name="java.vm.vendor" value="Oracle Corporation"/>
    <property name="sun.arch.data.model" value="64"/>
    <property name="java.vendor.url" value="http://java.oracle.com/"/>
    <property name="user.timezone" value=""/>
    <property name="java.vm.specification.version" value="11"/>
    <property name="os.name" value="Mac OS X"/>
    <property name="sun.java.launcher" value="SUN_STANDARD"/>
    <property name="user.country" value="US"/>
    <property name="sun.boot.library.path" value="/Users/jfa/.sdkman/candidates/java/11.0.2-open/lib"/>
    <property name="sun.java.command" value="/Users/jfa/workspace/nifi-workshop/nifi/custom-code/custom-service/CustomService/nifi-customservice/target/surefire/surefirebooter7953553213940831532.jar /Users/jfa/workspace/nifi-workshop/nifi/custom-code/custom-service/CustomService/nifi-customservice/target/surefire 2020-09-26T23-22-17_890-jvmRun1 surefire163499163482539027tmp surefire_013333681365047994091tmp"/>
    <property name="jdk.debug" value="release"/>
    <property name="surefire.test.class.path" value="/Users/jfa/workspace/nifi-workshop/nifi/custom-code/custom-service/CustomService/nifi-customservice/target/test-classes:/Users/jfa/workspace/nifi-workshop/nifi/custom-code/custom-service/CustomService/nifi-customservice/target/classes:/Users/jfa/workspace/nifi-workshop/nifi/custom-code/custom-service/CustomService/nifi-customservice-api/target/nifi-customservice-api-1.0.jar:/Users/jfa/.m2/repository/org/apache/nifi/nifi-api/1.12.0/nifi-api-1.12.0.jar:/Users/jfa/.m2/repository/org/apache/nifi/nifi-processor-utils/1.12.0/nifi-processor-utils-1.12.0.jar:/Users/jfa/.m2/repository/org/apache/nifi/nifi-utils/1.12.0/nifi-utils-1.12.0.jar:/Users/jfa/.m2/repository/org/apache/nifi/nifi-security-utils/1.12.0/nifi-security-utils-1.12.0.jar:/Users/jfa/.m2/repository/org/apache/commons/commons-lang3/3.9/commons-lang3-3.9.jar:/Users/jfa/.m2/repository/commons-codec/commons-codec/1.14/commons-codec-1.14.jar:/Users/jfa/.m2/repository/org/bouncycastle/bcprov-jdk15on/1.66/bcprov-jdk15on-1.66.jar:/Users/jfa/.m2/repository/org/bouncycastle/bcpkix-jdk15on/1.66/bcpkix-jdk15on-1.66.jar:/Users/jfa/.m2/repository/org/apache/nifi/nifi-properties/1.12.0/nifi-properties-1.12.0.jar:/Users/jfa/.m2/repository/at/favre/lib/bcrypt/0.9.0/bcrypt-0.9.0.jar:/Users/jfa/.m2/repository/at/favre/lib/bytes/1.3.0/bytes-1.3.0.jar:/Users/jfa/.m2/repository/org/apache/commons/commons-configuration2/2.7/commons-configuration2-2.7.jar:/Users/jfa/.m2/repository/commons-logging/commons-logging/1.2/commons-logging-1.2.jar:/Users/jfa/.m2/repository/com/sun/activation/javax.activation/1.2.0/javax.activation-1.2.0.jar:/Users/jfa/.m2/repository/commons-io/commons-io/2.6/commons-io-2.6.jar:/Users/jfa/.m2/repository/com/fasterxml/jackson/core/jackson-databind/2.9.10.5/jackson-databind-2.9.10.5.jar:/Users/jfa/.m2/repository/com/fasterxml/jackson/core/jackson-annotations/2.9.10/jackson-annotations-2.9.10.jar:/Users/jfa/.m2/repository/com/fasterxml/jackson/core/jackson-core/2.9.10/jackson-core-2.9.10.jar:/Users/jfa/.m2/repository/org/apache/nifi/nifi-record-serialization-service-api/1.12.0/nifi-record-serialization-service-api-1.12.0.jar:/Users/jfa/.m2/repository/org/apache/nifi/nifi-record/1.12.0/nifi-record-1.12.0.jar:/Users/jfa/.m2/repository/javax/xml/bind/jaxb-api/2.3.0/jaxb-api-2.3.0.jar:/Users/jfa/.m2/repository/com/sun/xml/bind/jaxb-core/2.3.0/jaxb-core-2.3.0.jar:/Users/jfa/.m2/repository/com/sun/xml/bind/jaxb-impl/2.3.0/jaxb-impl-2.3.0.jar:/Users/jfa/.m2/repository/org/apache/nifi/nifi-mock/1.12.0/nifi-mock-1.12.0.jar:/Users/jfa/.m2/repository/org/apache/nifi/nifi-framework-api/1.12.0/nifi-framework-api-1.12.0.jar:/Users/jfa/.m2/repository/org/apache/nifi/nifi-parameter/1.12.0/nifi-parameter-1.12.0.jar:/Users/jfa/.m2/repository/org/apache/nifi/nifi-expression-language/1.12.0/nifi-expression-language-1.12.0.jar:/Users/jfa/.m2/repository/org/antlr/antlr-runtime/3.5.2/antlr-runtime-3.5.2.jar:/Users/jfa/.m2/repository/com/jayway/jsonpath/json-path/2.4.0/json-path-2.4.0.jar:/Users/jfa/.m2/repository/net/minidev/json-smart/2.3/json-smart-2.3.jar:/Users/jfa/.m2/repository/net/minidev/accessors-smart/1.2/accessors-smart-1.2.jar:/Users/jfa/.m2/repository/org/ow2/asm/asm/5.0.4/asm-5.0.4.jar:/Users/jfa/.m2/repository/org/apache/commons/commons-text/1.8/commons-text-1.8.jar:/Users/jfa/.m2/repository/org/apache/nifi/nifi-data-provenance-utils/1.12.0/nifi-data-provenance-utils-1.12.0.jar:/Users/jfa/.m2/repository/org/apache/nifi/nifi-properties-loader/1.12.0/nifi-properties-loader-1.12.0.jar:/Users/jfa/.m2/repository/org/slf4j/slf4j-simple/1.7.30/slf4j-simple-1.7.30.jar:/Users/jfa/.m2/repository/org/slf4j/slf4j-api/1.7.30/slf4j-api-1.7.30.jar:/Users/jfa/.m2/repository/junit/junit/4.13/junit-4.13.jar:/Users/jfa/.m2/repository/org/hamcrest/hamcrest-core/1.3/hamcrest-core-1.3.jar:/Users/jfa/.m2/repository/org/mockito/mockito-core/2.28.2/mockito-core-2.28.2.jar:/Users/jfa/.m2/repository/net/bytebuddy/byte-buddy/1.9.10/byte-buddy-1.9.10.jar:/Users/jfa/.m2/repository/net/bytebuddy/byte-buddy-agent/1.9.10/byte-buddy-agent-1.9.10.jar:/Users/jfa/.m2/repository/org/objenesis/objenesis/2.6/objenesis-2.6.jar:/Users/jfa/.m2/repository/org/codehaus/groovy/groovy-test/2.5.4/groovy-test-2.5.4.jar:/Users/jfa/.m2/repository/org/codehaus/groovy/groovy/2.5.4/groovy-2.5.4.jar:"/>
    <property name="sun.cpu.endian" value="little"/>
    <property name="user.home" value="/Users/jfa"/>
    <property name="user.language" value="en"/>
    <property name="java.specification.vendor" value="Oracle Corporation"/>
    <property name="java.version.date" value="2019-01-15"/>
    <property name="java.home" value="/Users/jfa/.sdkman/candidates/java/11.0.2-open"/>
    <property name="file.separator" value="/"/>
    <property name="basedir" value="/Users/jfa/workspace/nifi-workshop/nifi/custom-code/custom-service/CustomService/nifi-customservice"/>
    <property name="java.vm.compressedOopsMode" value="Zero based"/>
    <property name="line.separator" value="&#10;"/>
    <property name="java.specification.name" value="Java Platform API Specification"/>
    <property name="java.vm.specification.vendor" value="Oracle Corporation"/>
    <property name="java.awt.graphicsenv" value="sun.awt.CGraphicsEnvironment"/>
    <property name="java.awt.headless" value="true"/>
    <property name="surefire.real.class.path" value="/Users/jfa/workspace/nifi-workshop/nifi/custom-code/custom-service/CustomService/nifi-customservice/target/surefire/surefirebooter7953553213940831532.jar"/>
    <property name="sun.management.compiler" value="HotSpot 64-Bit Tiered Compilers"/>
    <property name="java.runtime.version" value="11.0.2+9"/>
    <property name="user.name" value="jfa"/>
    <property name="java.net.preferIPv4Stack" value="true"/>
    <property name="path.separator" value=":"/>
    <property name="os.version" value="10.15.6"/>
    <property name="java.runtime.name" value="OpenJDK Runtime Environment"/>
    <property name="file.encoding" value="UTF-8"/>
    <property name="java.vm.name" value="OpenJDK 64-Bit Server VM"/>
    <property name="java.vendor.version" value="18.9"/>
    <property name="localRepository" value="/Users/jfa/.m2/repository"/>
    <property name="java.vendor.url.bug" value="http://bugreport.java.com/bugreport/"/>
    <property name="java.io.tmpdir" value="/var/folders/yb/lqdqzfbs3dqd0sv_j7knt_5nsffxpz/T/"/>
    <property name="java.version" value="11.0.2"/>
    <property name="user.dir" value="/Users/jfa/workspace/nifi-workshop/nifi/custom-code/custom-service/CustomService/nifi-customservice"/>
    <property name="os.arch" value="x86_64"/>
    <property name="java.vm.specification.name" value="Java Virtual Machine Specification"/>
    <property name="java.awt.printerjob" value="sun.lwawt.macosx.CPrinterJob"/>
    <property name="sun.os.patch.level" value="unknown"/>
    <property name="java.library.path" value="/Users/jfa/Library/Java/Extensions:/Library/Java/Extensions:/Network/Library/Java/Extensions:/System/Library/Java/Extensions:/usr/lib/java:."/>
    <property name="java.vendor" value="Oracle Corporation"/>
    <property name="java.vm.info" value="mixed mode"/>
    <property name="java.vm.version" value="11.0.2+9"/>
    <property name="sun.io.unicode.encoding" value="UnicodeBig"/>
    <property name="java.class.version" value="55.0"/>
  </properties>
  <testcase name="testServiceErrorNullToken" classname="com.julio.customservice.TestStandardMyService" time="0.097"/>
  <testcase name="testServiceErrorEmptyToken" classname="com.julio.customservice.TestStandardMyService" time="0.005"/>
  <testcase name="testServiceErrorTokenTooLarge" classname="com.julio.customservice.TestStandardMyService" time="0.02"/>
  <testcase name="testService" classname="com.julio.customservice.TestStandardMyService" time="0.001"/>
  <testcase name="testServiceRunningProcessor" classname="com.julio.customservice.TestStandardMyService" time="0.012"/>
</testsuite>